<?xml version="1.0" encoding="UTF-8"?>
<coverage generated="1745507060384" clover="3.2.0">
  <project timestamp="1745507060385" name="All files">
    <metrics statements="26" coveredstatements="25" conditionals="39" coveredconditionals="31" methods="1" coveredmethods="1" elements="66" coveredelements="57" complexity="0" loc="26" ncloc="26" packages="1" files="1" classes="1"/>
    <file name="bowling.ts" path="C:\Users\joris\bowling-typescript\bowling\src\bowling.ts">
      <metrics statements="26" coveredstatements="25" conditionals="39" coveredconditionals="31" methods="1" coveredmethods="1"/>
      <line num="1" count="1" type="stmt"/>
      <line num="3" count="5" type="stmt"/>
      <line num="4" count="5" type="stmt"/>
      <line num="5" count="90" type="stmt"/>
      <line num="6" count="90" type="cond" truecount="2" falsecount="0"/>
      <line num="7" count="17" type="stmt"/>
      <line num="8" count="73" type="cond" truecount="2" falsecount="0"/>
      <line num="9" count="33" type="stmt"/>
      <line num="10" count="40" type="cond" truecount="2" falsecount="0"/>
      <line num="13" count="12" type="cond" truecount="3" falsecount="1"/>
      <line num="16" count="28" type="stmt"/>
      <line num="17" count="28" type="cond" truecount="1" falsecount="1"/>
      <line num="22" count="5" type="stmt"/>
      <line num="23" count="5" type="stmt"/>
      <line num="24" count="5" type="stmt"/>
      <line num="26" count="50" type="cond" truecount="0" falsecount="1"/>
      <line num="27" count="0" type="stmt"/>
      <line num="30" count="50" type="cond" truecount="2" falsecount="0"/>
      <line num="32" count="15" type="cond" truecount="6" falsecount="2"/>
      <line num="33" count="15" type="stmt"/>
      <line num="34" count="35" type="cond" truecount="4" falsecount="0"/>
      <line num="36" count="12" type="cond" truecount="3" falsecount="1"/>
      <line num="37" count="12" type="stmt"/>
      <line num="40" count="23" type="cond" truecount="6" falsecount="2"/>
      <line num="41" count="23" type="stmt"/>
      <line num="45" count="5" type="stmt"/>
    </file>
  </project>
</coverage>
