{"C:\\Users\\joris\\bowling-typescript\\bowling\\src\\bowling.ts": {"path":"C:\\Users\\joris\\bowling-typescript\\bowling\\src\\bowling.ts","statementMap":{"0":{"start":{"line":1,"column":0},"end":{"line":1,"column":16}},"1":{"start":{"line":3,"column":25},"end":{"line":3,"column":27}},"2":{"start":{"line":4,"column":2},"end":{"line":19,"column":3}},"3":{"start":{"line":4,"column":15},"end":{"line":4,"column":16}},"4":{"start":{"line":5,"column":14},"end":{"line":5,"column":22}},"5":{"start":{"line":6,"column":4},"end":{"line":18,"column":5}},"6":{"start":{"line":7,"column":6},"end":{"line":7,"column":20}},"7":{"start":{"line":8,"column":11},"end":{"line":18,"column":5}},"8":{"start":{"line":9,"column":6},"end":{"line":9,"column":19}},"9":{"start":{"line":10,"column":11},"end":{"line":18,"column":5}},"10":{"start":{"line":13,"column":6},"end":{"line":13,"column":51}},"11":{"start":{"line":16,"column":21},"end":{"line":16,"column":36}},"12":{"start":{"line":17,"column":6},"end":{"line":17,"column":44}},"13":{"start":{"line":22,"column":14},"end":{"line":22,"column":15}},"14":{"start":{"line":23,"column":18},"end":{"line":23,"column":19}},"15":{"start":{"line":24,"column":2},"end":{"line":43,"column":3}},"16":{"start":{"line":24,"column":19},"end":{"line":24,"column":20}},"17":{"start":{"line":26,"column":4},"end":{"line":28,"column":5}},"18":{"start":{"line":27,"column":8},"end":{"line":27,"column":14}},"19":{"start":{"line":30,"column":4},"end":{"line":42,"column":5}},"20":{"start":{"line":32,"column":6},"end":{"line":32,"column":76}},"21":{"start":{"line":33,"column":6},"end":{"line":33,"column":21}},"22":{"start":{"line":34,"column":11},"end":{"line":42,"column":5}},"23":{"start":{"line":36,"column":6},"end":{"line":36,"column":47}},"24":{"start":{"line":37,"column":6},"end":{"line":37,"column":21}},"25":{"start":{"line":40,"column":6},"end":{"line":40,"column":67}},"26":{"start":{"line":41,"column":6},"end":{"line":41,"column":21}},"27":{"start":{"line":45,"column":2},"end":{"line":45,"column":15}}},"fnMap":{"0":{"name":"scoreGame","decl":{"start":{"line":1,"column":16},"end":{"line":1,"column":25}},"loc":{"start":{"line":1,"column":41},"end":{"line":46,"column":1}}}},"branchMap":{"0":{"loc":{"start":{"line":6,"column":4},"end":{"line":18,"column":5}},"type":"if","locations":[{"start":{"line":6,"column":4},"end":{"line":18,"column":5}},{"start":{"line":8,"column":11},"end":{"line":18,"column":5}}]},"1":{"loc":{"start":{"line":8,"column":11},"end":{"line":18,"column":5}},"type":"if","locations":[{"start":{"line":8,"column":11},"end":{"line":18,"column":5}},{"start":{"line":10,"column":11},"end":{"line":18,"column":5}}]},"2":{"loc":{"start":{"line":10,"column":11},"end":{"line":18,"column":5}},"type":"if","locations":[{"start":{"line":10,"column":11},"end":{"line":18,"column":5}},{"start":{"line":14,"column":11},"end":{"line":18,"column":5}}]},"3":{"loc":{"start":{"line":13,"column":22},"end":{"line":13,"column":48}},"type":"cond-expr","locations":[{"start":{"line":13,"column":43},"end":{"line":13,"column":47}},{"start":{"line":13,"column":47},"end":{"line":13,"column":48}}]},"4":{"loc":{"start":{"line":13,"column":22},"end":{"line":13,"column":47}},"type":"binary-expr","locations":[{"start":{"line":13,"column":22},"end":{"line":13,"column":47}},{"start":{"line":13,"column":43},"end":{"line":13,"column":47}}]},"5":{"loc":{"start":{"line":17,"column":16},"end":{"line":17,"column":42}},"type":"cond-expr","locations":[{"start":{"line":17,"column":32},"end":{"line":17,"column":33}},{"start":{"line":17,"column":36},"end":{"line":17,"column":42}}]},"6":{"loc":{"start":{"line":26,"column":4},"end":{"line":28,"column":5}},"type":"if","locations":[{"start":{"line":26,"column":4},"end":{"line":28,"column":5}}]},"7":{"loc":{"start":{"line":30,"column":4},"end":{"line":42,"column":5}},"type":"if","locations":[{"start":{"line":30,"column":4},"end":{"line":42,"column":5}},{"start":{"line":34,"column":11},"end":{"line":42,"column":5}}]},"8":{"loc":{"start":{"line":32,"column":21},"end":{"line":32,"column":45}},"type":"cond-expr","locations":[{"start":{"line":32,"column":40},"end":{"line":32,"column":44}},{"start":{"line":32,"column":44},"end":{"line":32,"column":45}}]},"9":{"loc":{"start":{"line":32,"column":21},"end":{"line":32,"column":44}},"type":"binary-expr","locations":[{"start":{"line":32,"column":21},"end":{"line":32,"column":44}},{"start":{"line":32,"column":40},"end":{"line":32,"column":44}}]},"10":{"loc":{"start":{"line":32,"column":50},"end":{"line":32,"column":74}},"type":"cond-expr","locations":[{"start":{"line":32,"column":69},"end":{"line":32,"column":73}},{"start":{"line":32,"column":73},"end":{"line":32,"column":74}}]},"11":{"loc":{"start":{"line":32,"column":50},"end":{"line":32,"column":73}},"type":"binary-expr","locations":[{"start":{"line":32,"column":50},"end":{"line":32,"column":73}},{"start":{"line":32,"column":69},"end":{"line":32,"column":73}}]},"12":{"loc":{"start":{"line":34,"column":11},"end":{"line":42,"column":5}},"type":"if","locations":[{"start":{"line":34,"column":11},"end":{"line":42,"column":5}},{"start":{"line":38,"column":11},"end":{"line":42,"column":5}}]},"13":{"loc":{"start":{"line":34,"column":15},"end":{"line":34,"column":75}},"type":"binary-expr","locations":[{"start":{"line":34,"column":15},"end":{"line":34,"column":43}},{"start":{"line":34,"column":47},"end":{"line":34,"column":75}}]},"14":{"loc":{"start":{"line":36,"column":21},"end":{"line":36,"column":45}},"type":"cond-expr","locations":[{"start":{"line":36,"column":40},"end":{"line":36,"column":44}},{"start":{"line":36,"column":44},"end":{"line":36,"column":45}}]},"15":{"loc":{"start":{"line":36,"column":21},"end":{"line":36,"column":44}},"type":"binary-expr","locations":[{"start":{"line":36,"column":21},"end":{"line":36,"column":44}},{"start":{"line":36,"column":40},"end":{"line":36,"column":44}}]},"16":{"loc":{"start":{"line":40,"column":16},"end":{"line":40,"column":36}},"type":"cond-expr","locations":[{"start":{"line":40,"column":31},"end":{"line":40,"column":35}},{"start":{"line":40,"column":35},"end":{"line":40,"column":36}}]},"17":{"loc":{"start":{"line":40,"column":16},"end":{"line":40,"column":35}},"type":"binary-expr","locations":[{"start":{"line":40,"column":16},"end":{"line":40,"column":35}},{"start":{"line":40,"column":31},"end":{"line":40,"column":35}}]},"18":{"loc":{"start":{"line":40,"column":41},"end":{"line":40,"column":65}},"type":"cond-expr","locations":[{"start":{"line":40,"column":60},"end":{"line":40,"column":64}},{"start":{"line":40,"column":64},"end":{"line":40,"column":65}}]},"19":{"loc":{"start":{"line":40,"column":41},"end":{"line":40,"column":64}},"type":"binary-expr","locations":[{"start":{"line":40,"column":41},"end":{"line":40,"column":64}},{"start":{"line":40,"column":60},"end":{"line":40,"column":64}}]}},"s":{"0":1,"1":5,"2":5,"3":5,"4":90,"5":90,"6":17,"7":73,"8":33,"9":40,"10":12,"11":28,"12":28,"13":5,"14":5,"15":5,"16":5,"17":50,"18":0,"19":50,"20":15,"21":15,"22":35,"23":12,"24":12,"25":23,"26":23,"27":5},"f":{"0":5},"b":{"0":[17,73],"1":[33,40],"2":[12,28],"3":[12,0],"4":[12,12],"5":[0,28],"6":[0],"7":[15,35],"8":[15,0],"9":[15,15],"10":[15,0],"11":[15,15],"12":[12,23],"13":[35,35],"14":[12,0],"15":[12,12],"16":[23,0],"17":[23,23],"18":[23,0],"19":[23,23]}}
}
