TN:
SF:src\bowling.ts
FN:1,scoreGame
FNF:1
FNH:1
FNDA:5,scoreGame
DA:1,1
DA:3,5
DA:4,5
DA:5,90
DA:6,90
DA:7,17
DA:8,73
DA:9,33
DA:10,40
DA:13,12
DA:16,28
DA:17,28
DA:22,5
DA:23,5
DA:24,5
DA:26,50
DA:27,0
DA:30,50
DA:32,15
DA:33,15
DA:34,35
DA:36,12
DA:37,12
DA:40,23
DA:41,23
DA:45,5
LF:26
LH:25
BRDA:6,0,0,17
BRDA:6,0,1,73
BRDA:8,1,0,33
BRDA:8,1,1,40
BRDA:10,2,0,12
BRDA:10,2,1,28
BRDA:13,3,0,12
BRDA:13,3,1,0
BRDA:13,4,0,12
BRDA:13,4,1,12
BRDA:17,5,0,0
BRDA:17,5,1,28
BRDA:26,6,0,0
BRDA:30,7,0,15
BRDA:30,7,1,35
BRDA:32,8,0,15
BRDA:32,8,1,0
BRDA:32,9,0,15
BRDA:32,9,1,15
BRDA:32,10,0,15
BRDA:32,10,1,0
BRDA:32,11,0,15
BRDA:32,11,1,15
BRDA:34,12,0,12
BRDA:34,12,1,23
BRDA:34,13,0,35
BRDA:34,13,1,35
BRDA:36,14,0,12
BRDA:36,14,1,0
BRDA:36,15,0,12
BRDA:36,15,1,12
BRDA:40,16,0,23
BRDA:40,16,1,0
BRDA:40,17,0,23
BRDA:40,17,1,23
BRDA:40,18,0,23
BRDA:40,18,1,0
BRDA:40,19,0,23
BRDA:40,19,1,23
BRF:39
BRH:31
end_of_record
